<html>
<head>
<title>TestNG:  Test</title>
<link href="../testng.css" rel="stylesheet" type="text/css" />
<link href="../my-testng.css" rel="stylesheet" type="text/css" />

<style type="text/css">
.log { display: none;} 
.stack-trace { display: none;} 
</style>
<script type="text/javascript">
<!--
function flip(e) {
  current = e.style.display;
  if (current == 'block') {
    e.style.display = 'none';
    return 0;
  }
  else {
    e.style.display = 'block';
    return 1;
  }
}

function toggleBox(szDivId, elem, msg1, msg2)
{
  var res = -1;  if (document.getElementById) {
    res = flip(document.getElementById(szDivId));
  }
  else if (document.all) {
    // this is the way old msie versions work
    res = flip(document.all[szDivId]);
  }
  if(elem) {
    if(res == 0) elem.innerHTML = msg1; else elem.innerHTML = msg2;
  }

}

function toggleAllBoxes() {
  if (document.getElementsByTagName) {
    d = document.getElementsByTagName('div');
    for (i = 0; i < d.length; i++) {
      if (d[i].className == 'log') {
        flip(d[i]);
      }
    }
  }
}

// -->
</script>

</head>
<body>
<h2 align='center'>Test</h2><table border='1' align="center">
<tr>
<td>Tests passed/Failed/Skipped:</td><td>0/3/3</td>
</tr><tr>
<td>Started on:</td><td>Wed Jan 24 19:54:52 CST 2018</td>
</tr>
<tr><td>Total time:</td><td>13 seconds (13827 ms)</td>
</tr><tr>
<td>Included groups:</td><td></td>
</tr><tr>
<td>Excluded groups:</td><td></td>
</tr>
</table><p/>
<small><i>(Hover the method name to see the test class name)</i></small><p/>
<table width='100%' border='1' class='invocation-failed'>
<tr><td colspan='4' align='center'><b>FAILED TESTS</b></td></tr>
<tr><td><b>Test method</b></td>
<td width="30%"><b>Exception</b></td>
<td width="10%"><b>Time (seconds)</b></td>
<td><b>Instance</b></td>
</tr>
<tr>
<td title='demo20180107.TestngExe.TestngDemo()'><b>TestngDemo</b><br>Test class: demo20180107.TestngExe<br>Parameters: ExcelElement [type=get, url=http://59.110.139.20:8080/goods/UserServlet?method=loginMobile&loginname=test1&loginpass=test1, params=null, header=null, run=是, check=$.code=1, correction=id=$.uid;test2=$.code, result=null, getResult()=null, getCheck()=$.code=1, getCorrection()=id=$.uid;test2=$.code, getRun()=是, getType()=get, getUrl()=http://59.110.139.20:8080/goods/UserServlet?method=loginMobile&loginname=test1&loginpass=test1, getParams()=null, getHeader()=null, getClass()=class demo20180107.ExcelElement, hashCode()=229995302, toString()=demo20180107.ExcelElement@db57326]</td>
<td><div><pre>java.lang.AssertionError: expected [true] but found [false]
	at demo20180107.TestngExe.TestngDemo(TestngExe.java:60)
... Removed 29 stack frames</pre></div><a href='#' onClick='toggleBox("stack-trace1259639178", this, "Click to show all stack frames", "Click to hide stack frames")'>Click to show all stack frames</a>
<div class='stack-trace' id='stack-trace1259639178'><pre>java.lang.AssertionError: expected [true] but found [false]
	at org.testng.Assert.fail(Assert.java:96)
	at org.testng.Assert.failNotEquals(Assert.java:776)
	at org.testng.Assert.assertTrue(Assert.java:44)
	at org.testng.Assert.assertTrue(Assert.java:54)
	at demo20180107.TestngExe.TestngDemo(TestngExe.java:60)
	at sun.reflect.NativeMethodAccessorImpl.invoke0(Native Method)
	at sun.reflect.NativeMethodAccessorImpl.invoke(NativeMethodAccessorImpl.java:62)
	at sun.reflect.DelegatingMethodAccessorImpl.invoke(DelegatingMethodAccessorImpl.java:43)
	at java.lang.reflect.Method.invoke(Method.java:498)
	at org.testng.internal.MethodInvocationHelper.invokeMethod(MethodInvocationHelper.java:124)
	at org.testng.internal.Invoker.invokeMethod(Invoker.java:571)
	at org.testng.internal.Invoker.retryFailed(Invoker.java:829)
	at org.testng.internal.Invoker.invokeTestMethods(Invoker.java:1000)
	at org.testng.internal.TestMethodWorker.invokeTestMethods(TestMethodWorker.java:125)
	at org.testng.internal.TestMethodWorker.run(TestMethodWorker.java:109)
	at org.testng.TestRunner.privateRun(TestRunner.java:648)
	at org.testng.TestRunner.run(TestRunner.java:505)
	at org.testng.SuiteRunner.runTest(SuiteRunner.java:455)
	at org.testng.SuiteRunner.runSequentially(SuiteRunner.java:450)
	at org.testng.SuiteRunner.privateRun(SuiteRunner.java:415)
	at org.testng.SuiteRunner.run(SuiteRunner.java:364)
	at org.testng.SuiteRunnerWorker.runSuite(SuiteRunnerWorker.java:52)
	at org.testng.SuiteRunnerWorker.run(SuiteRunnerWorker.java:84)
	at org.testng.TestNG.runSuitesSequentially(TestNG.java:1187)
	at org.testng.TestNG.runSuitesLocally(TestNG.java:1116)
	at org.testng.TestNG.runSuites(TestNG.java:1028)
	at org.testng.TestNG.run(TestNG.java:996)
	at org.testng.remote.AbstractRemoteTestNG.run(AbstractRemoteTestNG.java:114)
	at org.testng.remote.RemoteTestNG.initAndRun(RemoteTestNG.java:251)
	at org.testng.remote.RemoteTestNG.main(RemoteTestNG.java:77)
</pre></div></td>
<td>0</td>
<td>demo20180107.TestngExe@1060b431</td></tr>
<tr>
<td title='demo20180107.TestngExe.TestngDemo()'><b>TestngDemo</b><br>Test class: demo20180107.TestngExe<br>Parameters: ExcelElement [type=get, url=http://www.baidu.com?pid=E2BBEDC09FAA4406B8D85C96DF6281CF&test2=1, params=null, header=null, run=是, check=null, correction=null, result=null, getResult()=null, getCheck()=null, getCorrection()=null, getRun()=是, getType()=get, getUrl()=http://www.baidu.com?pid=E2BBEDC09FAA4406B8D85C96DF6281CF&test2=1, getParams()=null, getHeader()=null, getClass()=class demo20180107.ExcelElement, hashCode()=1830745997, toString()=demo20180107.ExcelElement@6d1ef78d]</td>
<td><div><pre>java.lang.AssertionError: expected [true] but found [false]
	at demo20180107.TestngExe.TestngDemo(TestngExe.java:60)
... Removed 29 stack frames</pre></div><a href='#' onClick='toggleBox("stack-trace1262408432", this, "Click to show all stack frames", "Click to hide stack frames")'>Click to show all stack frames</a>
<div class='stack-trace' id='stack-trace1262408432'><pre>java.lang.AssertionError: expected [true] but found [false]
	at org.testng.Assert.fail(Assert.java:96)
	at org.testng.Assert.failNotEquals(Assert.java:776)
	at org.testng.Assert.assertTrue(Assert.java:44)
	at org.testng.Assert.assertTrue(Assert.java:54)
	at demo20180107.TestngExe.TestngDemo(TestngExe.java:60)
	at sun.reflect.NativeMethodAccessorImpl.invoke0(Native Method)
	at sun.reflect.NativeMethodAccessorImpl.invoke(NativeMethodAccessorImpl.java:62)
	at sun.reflect.DelegatingMethodAccessorImpl.invoke(DelegatingMethodAccessorImpl.java:43)
	at java.lang.reflect.Method.invoke(Method.java:498)
	at org.testng.internal.MethodInvocationHelper.invokeMethod(MethodInvocationHelper.java:124)
	at org.testng.internal.Invoker.invokeMethod(Invoker.java:571)
	at org.testng.internal.Invoker.invokeTestMethod(Invoker.java:707)
	at org.testng.internal.Invoker.invokeTestMethods(Invoker.java:979)
	at org.testng.internal.TestMethodWorker.invokeTestMethods(TestMethodWorker.java:125)
	at org.testng.internal.TestMethodWorker.run(TestMethodWorker.java:109)
	at org.testng.TestRunner.privateRun(TestRunner.java:648)
	at org.testng.TestRunner.run(TestRunner.java:505)
	at org.testng.SuiteRunner.runTest(SuiteRunner.java:455)
	at org.testng.SuiteRunner.runSequentially(SuiteRunner.java:450)
	at org.testng.SuiteRunner.privateRun(SuiteRunner.java:415)
	at org.testng.SuiteRunner.run(SuiteRunner.java:364)
	at org.testng.SuiteRunnerWorker.runSuite(SuiteRunnerWorker.java:52)
	at org.testng.SuiteRunnerWorker.run(SuiteRunnerWorker.java:84)
	at org.testng.TestNG.runSuitesSequentially(TestNG.java:1187)
	at org.testng.TestNG.runSuitesLocally(TestNG.java:1116)
	at org.testng.TestNG.runSuites(TestNG.java:1028)
	at org.testng.TestNG.run(TestNG.java:996)
	at org.testng.remote.AbstractRemoteTestNG.run(AbstractRemoteTestNG.java:114)
	at org.testng.remote.RemoteTestNG.initAndRun(RemoteTestNG.java:251)
	at org.testng.remote.RemoteTestNG.main(RemoteTestNG.java:77)
</pre></div></td>
<td>0</td>
<td>demo20180107.TestngExe@1060b431</td></tr>
<tr>
<td title='demo20180107.TestngExe.TestngDemo()'><b>TestngDemo</b><br>Test class: demo20180107.TestngExe<br>Parameters: ExcelElement [type=get, url=http://www.baidu.com?pid=E2BBEDC09FAA4406B8D85C96DF6281CF&test2=1, params=null, header=null, run=是, check=null, correction=null, result=null, getResult()=null, getCheck()=null, getCorrection()=null, getRun()=是, getType()=get, getUrl()=http://www.baidu.com?pid=E2BBEDC09FAA4406B8D85C96DF6281CF&test2=1, getParams()=null, getHeader()=null, getClass()=class demo20180107.ExcelElement, hashCode()=1574029810, toString()=demo20180107.ExcelElement@5dd1c9f2]</td>
<td><div><pre>java.lang.AssertionError: expected [true] but found [false]
	at demo20180107.TestngExe.TestngDemo(TestngExe.java:60)
... Removed 29 stack frames</pre></div><a href='#' onClick='toggleBox("stack-trace582666172", this, "Click to show all stack frames", "Click to hide stack frames")'>Click to show all stack frames</a>
<div class='stack-trace' id='stack-trace582666172'><pre>java.lang.AssertionError: expected [true] but found [false]
	at org.testng.Assert.fail(Assert.java:96)
	at org.testng.Assert.failNotEquals(Assert.java:776)
	at org.testng.Assert.assertTrue(Assert.java:44)
	at org.testng.Assert.assertTrue(Assert.java:54)
	at demo20180107.TestngExe.TestngDemo(TestngExe.java:60)
	at sun.reflect.NativeMethodAccessorImpl.invoke0(Native Method)
	at sun.reflect.NativeMethodAccessorImpl.invoke(NativeMethodAccessorImpl.java:62)
	at sun.reflect.DelegatingMethodAccessorImpl.invoke(DelegatingMethodAccessorImpl.java:43)
	at java.lang.reflect.Method.invoke(Method.java:498)
	at org.testng.internal.MethodInvocationHelper.invokeMethod(MethodInvocationHelper.java:124)
	at org.testng.internal.Invoker.invokeMethod(Invoker.java:571)
	at org.testng.internal.Invoker.retryFailed(Invoker.java:829)
	at org.testng.internal.Invoker.invokeTestMethods(Invoker.java:1000)
	at org.testng.internal.TestMethodWorker.invokeTestMethods(TestMethodWorker.java:125)
	at org.testng.internal.TestMethodWorker.run(TestMethodWorker.java:109)
	at org.testng.TestRunner.privateRun(TestRunner.java:648)
	at org.testng.TestRunner.run(TestRunner.java:505)
	at org.testng.SuiteRunner.runTest(SuiteRunner.java:455)
	at org.testng.SuiteRunner.runSequentially(SuiteRunner.java:450)
	at org.testng.SuiteRunner.privateRun(SuiteRunner.java:415)
	at org.testng.SuiteRunner.run(SuiteRunner.java:364)
	at org.testng.SuiteRunnerWorker.runSuite(SuiteRunnerWorker.java:52)
	at org.testng.SuiteRunnerWorker.run(SuiteRunnerWorker.java:84)
	at org.testng.TestNG.runSuitesSequentially(TestNG.java:1187)
	at org.testng.TestNG.runSuitesLocally(TestNG.java:1116)
	at org.testng.TestNG.runSuites(TestNG.java:1028)
	at org.testng.TestNG.run(TestNG.java:996)
	at org.testng.remote.AbstractRemoteTestNG.run(AbstractRemoteTestNG.java:114)
	at org.testng.remote.RemoteTestNG.initAndRun(RemoteTestNG.java:251)
	at org.testng.remote.RemoteTestNG.main(RemoteTestNG.java:77)
</pre></div></td>
<td>0</td>
<td>demo20180107.TestngExe@1060b431</td></tr>
</table><p>
<table width='100%' border='1' class='invocation-skipped'>
<tr><td colspan='4' align='center'><b>SKIPPED TESTS</b></td></tr>
<tr><td><b>Test method</b></td>
<td width="30%"><b>Exception</b></td>
<td width="10%"><b>Time (seconds)</b></td>
<td><b>Instance</b></td>
</tr>
<tr>
<td title='demo20180107.TestngExe.TestngDemo()'><b>TestngDemo</b><br>Test class: demo20180107.TestngExe<br>Parameters: ExcelElement [type=get, url=http://59.110.139.20:8080/goods/UserServlet?method=loginMobile&loginname=test1&loginpass=test1, params=null, header=null, run=是, check=$.code=1, correction=id=$.uid;test2=$.code, result=null, getResult()=null, getCheck()=$.code=1, getCorrection()=id=$.uid;test2=$.code, getRun()=是, getType()=get, getUrl()=http://59.110.139.20:8080/goods/UserServlet?method=loginMobile&loginname=test1&loginpass=test1, getParams()=null, getHeader()=null, getClass()=class demo20180107.ExcelElement, hashCode()=1029472813, toString()=demo20180107.ExcelElement@3d5c822d]<br/>
<a href="#Output-43650267" onClick='toggleBox("Output-43650267", this, "Show output", "Hide output");'>Show output</a>

<a href="#Output-43650267" onClick="toggleAllBoxes();">Show all outputs</a>
<div class='log' id="Output-43650267">
方法<TestngDemo>执行失败，重试第1次<br/>
</div>
</td>
<td><div><pre>java.lang.AssertionError: expected [true] but found [false]
	at demo20180107.TestngExe.TestngDemo(TestngExe.java:60)
... Removed 29 stack frames</pre></div><a href='#' onClick='toggleBox("stack-trace43650267", this, "Click to show all stack frames", "Click to hide stack frames")'>Click to show all stack frames</a>
<div class='stack-trace' id='stack-trace43650267'><pre>java.lang.AssertionError: expected [true] but found [false]
	at org.testng.Assert.fail(Assert.java:96)
	at org.testng.Assert.failNotEquals(Assert.java:776)
	at org.testng.Assert.assertTrue(Assert.java:44)
	at org.testng.Assert.assertTrue(Assert.java:54)
	at demo20180107.TestngExe.TestngDemo(TestngExe.java:60)
	at sun.reflect.NativeMethodAccessorImpl.invoke0(Native Method)
	at sun.reflect.NativeMethodAccessorImpl.invoke(NativeMethodAccessorImpl.java:62)
	at sun.reflect.DelegatingMethodAccessorImpl.invoke(DelegatingMethodAccessorImpl.java:43)
	at java.lang.reflect.Method.invoke(Method.java:498)
	at org.testng.internal.MethodInvocationHelper.invokeMethod(MethodInvocationHelper.java:124)
	at org.testng.internal.Invoker.invokeMethod(Invoker.java:571)
	at org.testng.internal.Invoker.invokeTestMethod(Invoker.java:707)
	at org.testng.internal.Invoker.invokeTestMethods(Invoker.java:979)
	at org.testng.internal.TestMethodWorker.invokeTestMethods(TestMethodWorker.java:125)
	at org.testng.internal.TestMethodWorker.run(TestMethodWorker.java:109)
	at org.testng.TestRunner.privateRun(TestRunner.java:648)
	at org.testng.TestRunner.run(TestRunner.java:505)
	at org.testng.SuiteRunner.runTest(SuiteRunner.java:455)
	at org.testng.SuiteRunner.runSequentially(SuiteRunner.java:450)
	at org.testng.SuiteRunner.privateRun(SuiteRunner.java:415)
	at org.testng.SuiteRunner.run(SuiteRunner.java:364)
	at org.testng.SuiteRunnerWorker.runSuite(SuiteRunnerWorker.java:52)
	at org.testng.SuiteRunnerWorker.run(SuiteRunnerWorker.java:84)
	at org.testng.TestNG.runSuitesSequentially(TestNG.java:1187)
	at org.testng.TestNG.runSuitesLocally(TestNG.java:1116)
	at org.testng.TestNG.runSuites(TestNG.java:1028)
	at org.testng.TestNG.run(TestNG.java:996)
	at org.testng.remote.AbstractRemoteTestNG.run(AbstractRemoteTestNG.java:114)
	at org.testng.remote.RemoteTestNG.initAndRun(RemoteTestNG.java:251)
	at org.testng.remote.RemoteTestNG.main(RemoteTestNG.java:77)
</pre></div></td>
<td>6</td>
<td>demo20180107.TestngExe@1060b431</td></tr>
<tr>
<td title='demo20180107.TestngExe.TestngDemo()'><b>TestngDemo</b><br>Test class: demo20180107.TestngExe<br>Parameters: ExcelElement [type=get, url=http://59.110.139.20:8080/goods/UserServlet?method=loginMobile&loginname=test1&loginpass=test1, params=null, header=null, run=是, check=$.code=1, correction=id=$.uid;test2=$.code, result=null, getResult()=null, getCheck()=$.code=1, getCorrection()=id=$.uid;test2=$.code, getRun()=是, getType()=get, getUrl()=http://59.110.139.20:8080/goods/UserServlet?method=loginMobile&loginname=test1&loginpass=test1, getParams()=null, getHeader()=null, getClass()=class demo20180107.ExcelElement, hashCode()=888287133, toString()=demo20180107.ExcelElement@34f22f9d]<br/>
<a href="#Output-1582028874" onClick='toggleBox("Output-1582028874", this, "Show output", "Hide output");'>Show output</a>

<a href="#Output-1582028874" onClick="toggleAllBoxes();">Show all outputs</a>
<div class='log' id="Output-1582028874">
方法<TestngDemo>执行失败，重试第2次<br/>
</div>
</td>
<td><div><pre>java.lang.AssertionError: expected [true] but found [false]
	at demo20180107.TestngExe.TestngDemo(TestngExe.java:60)
... Removed 29 stack frames</pre></div><a href='#' onClick='toggleBox("stack-trace1582028874", this, "Click to show all stack frames", "Click to hide stack frames")'>Click to show all stack frames</a>
<div class='stack-trace' id='stack-trace1582028874'><pre>java.lang.AssertionError: expected [true] but found [false]
	at org.testng.Assert.fail(Assert.java:96)
	at org.testng.Assert.failNotEquals(Assert.java:776)
	at org.testng.Assert.assertTrue(Assert.java:44)
	at org.testng.Assert.assertTrue(Assert.java:54)
	at demo20180107.TestngExe.TestngDemo(TestngExe.java:60)
	at sun.reflect.NativeMethodAccessorImpl.invoke0(Native Method)
	at sun.reflect.NativeMethodAccessorImpl.invoke(NativeMethodAccessorImpl.java:62)
	at sun.reflect.DelegatingMethodAccessorImpl.invoke(DelegatingMethodAccessorImpl.java:43)
	at java.lang.reflect.Method.invoke(Method.java:498)
	at org.testng.internal.MethodInvocationHelper.invokeMethod(MethodInvocationHelper.java:124)
	at org.testng.internal.Invoker.invokeMethod(Invoker.java:571)
	at org.testng.internal.Invoker.retryFailed(Invoker.java:829)
	at org.testng.internal.Invoker.invokeTestMethods(Invoker.java:1000)
	at org.testng.internal.TestMethodWorker.invokeTestMethods(TestMethodWorker.java:125)
	at org.testng.internal.TestMethodWorker.run(TestMethodWorker.java:109)
	at org.testng.TestRunner.privateRun(TestRunner.java:648)
	at org.testng.TestRunner.run(TestRunner.java:505)
	at org.testng.SuiteRunner.runTest(SuiteRunner.java:455)
	at org.testng.SuiteRunner.runSequentially(SuiteRunner.java:450)
	at org.testng.SuiteRunner.privateRun(SuiteRunner.java:415)
	at org.testng.SuiteRunner.run(SuiteRunner.java:364)
	at org.testng.SuiteRunnerWorker.runSuite(SuiteRunnerWorker.java:52)
	at org.testng.SuiteRunnerWorker.run(SuiteRunnerWorker.java:84)
	at org.testng.TestNG.runSuitesSequentially(TestNG.java:1187)
	at org.testng.TestNG.runSuitesLocally(TestNG.java:1116)
	at org.testng.TestNG.runSuites(TestNG.java:1028)
	at org.testng.TestNG.run(TestNG.java:996)
	at org.testng.remote.AbstractRemoteTestNG.run(AbstractRemoteTestNG.java:114)
	at org.testng.remote.RemoteTestNG.initAndRun(RemoteTestNG.java:251)
	at org.testng.remote.RemoteTestNG.main(RemoteTestNG.java:77)
</pre></div></td>
<td>0</td>
<td>demo20180107.TestngExe@1060b431</td></tr>
<tr>
<td title='demo20180107.TestngExe.TestngDemo()'><b>TestngDemo</b><br>Test class: demo20180107.TestngExe<br>Parameters: ExcelElement [type=get, url=http://59.110.139.20:8080/goods/UserServlet?method=loginMobile&loginname=test1&loginpass=test1, params=null, header=null, run=是, check=$.code=1, correction=id=$.uid;test2=$.code, result=null, getResult()=null, getCheck()=$.code=1, getCorrection()=id=$.uid;test2=$.code, getRun()=是, getType()=get, getUrl()=http://59.110.139.20:8080/goods/UserServlet?method=loginMobile&loginname=test1&loginpass=test1, getParams()=null, getHeader()=null, getClass()=class demo20180107.ExcelElement, hashCode()=1076071888, toString()=demo20180107.ExcelElement@40238dd0]<br/>
<a href="#Output-2031588185" onClick='toggleBox("Output-2031588185", this, "Show output", "Hide output");'>Show output</a>

<a href="#Output-2031588185" onClick="toggleAllBoxes();">Show all outputs</a>
<div class='log' id="Output-2031588185">
方法<TestngDemo>执行失败，重试第3次<br/>
</div>
</td>
<td><div><pre>java.lang.AssertionError: expected [true] but found [false]
	at demo20180107.TestngExe.TestngDemo(TestngExe.java:60)
... Removed 29 stack frames</pre></div><a href='#' onClick='toggleBox("stack-trace2031588185", this, "Click to show all stack frames", "Click to hide stack frames")'>Click to show all stack frames</a>
<div class='stack-trace' id='stack-trace2031588185'><pre>java.lang.AssertionError: expected [true] but found [false]
	at org.testng.Assert.fail(Assert.java:96)
	at org.testng.Assert.failNotEquals(Assert.java:776)
	at org.testng.Assert.assertTrue(Assert.java:44)
	at org.testng.Assert.assertTrue(Assert.java:54)
	at demo20180107.TestngExe.TestngDemo(TestngExe.java:60)
	at sun.reflect.NativeMethodAccessorImpl.invoke0(Native Method)
	at sun.reflect.NativeMethodAccessorImpl.invoke(NativeMethodAccessorImpl.java:62)
	at sun.reflect.DelegatingMethodAccessorImpl.invoke(DelegatingMethodAccessorImpl.java:43)
	at java.lang.reflect.Method.invoke(Method.java:498)
	at org.testng.internal.MethodInvocationHelper.invokeMethod(MethodInvocationHelper.java:124)
	at org.testng.internal.Invoker.invokeMethod(Invoker.java:571)
	at org.testng.internal.Invoker.retryFailed(Invoker.java:829)
	at org.testng.internal.Invoker.invokeTestMethods(Invoker.java:1000)
	at org.testng.internal.TestMethodWorker.invokeTestMethods(TestMethodWorker.java:125)
	at org.testng.internal.TestMethodWorker.run(TestMethodWorker.java:109)
	at org.testng.TestRunner.privateRun(TestRunner.java:648)
	at org.testng.TestRunner.run(TestRunner.java:505)
	at org.testng.SuiteRunner.runTest(SuiteRunner.java:455)
	at org.testng.SuiteRunner.runSequentially(SuiteRunner.java:450)
	at org.testng.SuiteRunner.privateRun(SuiteRunner.java:415)
	at org.testng.SuiteRunner.run(SuiteRunner.java:364)
	at org.testng.SuiteRunnerWorker.runSuite(SuiteRunnerWorker.java:52)
	at org.testng.SuiteRunnerWorker.run(SuiteRunnerWorker.java:84)
	at org.testng.TestNG.runSuitesSequentially(TestNG.java:1187)
	at org.testng.TestNG.runSuitesLocally(TestNG.java:1116)
	at org.testng.TestNG.runSuites(TestNG.java:1028)
	at org.testng.TestNG.run(TestNG.java:996)
	at org.testng.remote.AbstractRemoteTestNG.run(AbstractRemoteTestNG.java:114)
	at org.testng.remote.RemoteTestNG.initAndRun(RemoteTestNG.java:251)
	at org.testng.remote.RemoteTestNG.main(RemoteTestNG.java:77)
</pre></div></td>
<td>0</td>
<td>demo20180107.TestngExe@1060b431</td></tr>
</table><p>
</body>
</html>